
*** Running vivado
    with args -log blinking_led_pwm.vdi -applog -m64 -product Vivado -messageDb vivado.pb -mode batch -source blinking_led_pwm.tcl -notrace


****** Vivado v2018.3 (64-bit)
  **** SW Build 2405991 on Thu Dec  6 23:38:27 MST 2018
  **** IP Build 2404404 on Fri Dec  7 01:43:56 MST 2018
    ** Copyright 1986-2018 Xilinx, Inc. All Rights Reserved.

source blinking_led_pwm.tcl -notrace
Command: open_checkpoint {C:/Users/Renan/Documents/GitHub/Shared-Scripts/Scripts/VHDL/VHDL PROJECTS/VIVADO/blinking_led_pwm/blinking_led_pwm.runs/impl_3/blinking_led_pwm.dcp}

Starting open_checkpoint Task

Time (s): cpu = 00:00:00 ; elapsed = 00:00:00.047 . Memory (MB): peak = 246.234 ; gain = 0.000
INFO: [Project 1-479] Netlist was created with Vivado 2018.3
INFO: [Device 21-403] Loading part xc7z020clg484-1
INFO: [Project 1-570] Preparing netlist for logic optimization
INFO: [Timing 38-478] Restoring timing data from binary archive.
INFO: [Timing 38-479] Binary timing data restore complete.
INFO: [Project 1-856] Restoring constraints from binary archive.
INFO: [Project 1-853] Binary constraint restore complete.
Reading XDEF placement.
Reading placer database...
Reading XDEF routing.
Read XDEF File: Time (s): cpu = 00:00:01 ; elapsed = 00:00:00.131 . Memory (MB): peak = 1172.871 ; gain = 0.000
Restored from archive | CPU: 1.000000 secs | Memory: 0.000000 MB |
Finished XDEF File Restore: Time (s): cpu = 00:00:01 ; elapsed = 00:00:00.132 . Memory (MB): peak = 1172.871 ; gain = 0.000
Netlist sorting complete. Time (s): cpu = 00:00:00 ; elapsed = 00:00:00 . Memory (MB): peak = 1172.871 ; gain = 0.000
INFO: [Project 1-111] Unisim Transformation Summary:
No Unisim elements were transformed.

INFO: [Project 1-604] Checkpoint was created with Vivado v2018.3 (64-bit) build 2405991
open_checkpoint: Time (s): cpu = 00:00:20 ; elapsed = 00:00:22 . Memory (MB): peak = 1172.871 ; gain = 926.637
Command: opt_design
Attempting to get a license for feature 'Implementation' and/or device 'xc7z020'
INFO: [Common 17-349] Got license for feature 'Implementation' and/or device 'xc7z020'
Running DRC as a precondition to command opt_design

Starting DRC Task
INFO: [DRC 23-27] Running DRC with 2 threads
INFO: [Project 1-461] DRC finished with 0 Errors
INFO: [Project 1-462] Please refer to the DRC report (report_drc) for more information.

Time (s): cpu = 00:00:01 ; elapsed = 00:00:00.669 . Memory (MB): peak = 1172.871 ; gain = 0.000

Starting Cache Timing Information Task
INFO: [Timing 38-35] Done setting XDC timing constraints.
Ending Cache Timing Information Task | Checksum: 10c4ef105

Time (s): cpu = 00:00:00 ; elapsed = 00:00:00.052 . Memory (MB): peak = 1236.570 ; gain = 63.699

Starting Logic Optimization Task

Phase 1 Retarget
INFO: [Opt 31-138] Pushed 0 inverter(s) to 0 load pin(s).
INFO: [Opt 31-49] Retargeted 0 cell(s).
Phase 1 Retarget | Checksum: 10c4ef105

Time (s): cpu = 00:00:00 ; elapsed = 00:00:00.097 . Memory (MB): peak = 1321.418 ; gain = 0.000
INFO: [Opt 31-389] Phase Retarget created 0 cells and removed 0 cells

Phase 2 Constant propagation
INFO: [Opt 31-138] Pushed 0 inverter(s) to 0 load pin(s).
Phase 2 Constant propagation | Checksum: 10c4ef105

Time (s): cpu = 00:00:00 ; elapsed = 00:00:00.098 . Memory (MB): peak = 1321.418 ; gain = 0.000
INFO: [Opt 31-389] Phase Constant propagation created 0 cells and removed 0 cells

Phase 3 Sweep
Phase 3 Sweep | Checksum: 10c4ef105

Time (s): cpu = 00:00:00 ; elapsed = 00:00:00.100 . Memory (MB): peak = 1321.418 ; gain = 0.000
INFO: [Opt 31-389] Phase Sweep created 0 cells and removed 0 cells

Phase 4 BUFG optimization
Phase 4 BUFG optimization | Checksum: 10c4ef105

Time (s): cpu = 00:00:00 ; elapsed = 00:00:00.102 . Memory (MB): peak = 1321.418 ; gain = 0.000
INFO: [Opt 31-662] Phase BUFG optimization created 0 cells of which 0 are BUFGs and removed 0 cells.

Phase 5 Shift Register Optimization
Phase 5 Shift Register Optimization | Checksum: 10c4ef105

Time (s): cpu = 00:00:00 ; elapsed = 00:00:00.128 . Memory (MB): peak = 1321.418 ; gain = 0.000
INFO: [Opt 31-389] Phase Shift Register Optimization created 0 cells and removed 0 cells

Phase 6 Post Processing Netlist
Phase 6 Post Processing Netlist | Checksum: 10c4ef105

Time (s): cpu = 00:00:00 ; elapsed = 00:00:00.129 . Memory (MB): peak = 1321.418 ; gain = 0.000
INFO: [Opt 31-389] Phase Post Processing Netlist created 0 cells and removed 0 cells
Opt_design Change Summary
=========================


-------------------------------------------------------------------------------------------------------------------------
|  Phase                        |  #Cells created  |  #Cells Removed  |  #Constrained objects preventing optimizations  |
-------------------------------------------------------------------------------------------------------------------------
|  Retarget                     |               0  |               0  |                                              0  |
|  Constant propagation         |               0  |               0  |                                              0  |
|  Sweep                        |               0  |               0  |                                              0  |
|  BUFG optimization            |               0  |               0  |                                              0  |
|  Shift Register Optimization  |               0  |               0  |                                              0  |
|  Post Processing Netlist      |               0  |               0  |                                              0  |
-------------------------------------------------------------------------------------------------------------------------



Starting Connectivity Check Task

Time (s): cpu = 00:00:00 ; elapsed = 00:00:00 . Memory (MB): peak = 1321.418 ; gain = 0.000
Ending Logic Optimization Task | Checksum: 10c4ef105

Time (s): cpu = 00:00:00 ; elapsed = 00:00:00.132 . Memory (MB): peak = 1321.418 ; gain = 0.000

Starting Power Optimization Task
INFO: [Pwropt 34-132] Skipping clock gating for clocks with a period < 2.00 ns.
Ending Power Optimization Task | Checksum: 10c4ef105

Time (s): cpu = 00:00:00 ; elapsed = 00:00:00.009 . Memory (MB): peak = 1321.418 ; gain = 0.000

Starting Final Cleanup Task
Ending Final Cleanup Task | Checksum: 10c4ef105

Time (s): cpu = 00:00:00 ; elapsed = 00:00:00.001 . Memory (MB): peak = 1321.418 ; gain = 0.000

Starting Netlist Obfuscation Task
Netlist sorting complete. Time (s): cpu = 00:00:00 ; elapsed = 00:00:00 . Memory (MB): peak = 1321.418 ; gain = 0.000
Ending Netlist Obfuscation Task | Checksum: 10c4ef105

Time (s): cpu = 00:00:00 ; elapsed = 00:00:00 . Memory (MB): peak = 1321.418 ; gain = 0.000
INFO: [Common 17-83] Releasing license: Implementation
25 Infos, 0 Warnings, 0 Critical Warnings and 0 Errors encountered.
opt_design completed successfully
Netlist sorting complete. Time (s): cpu = 00:00:00 ; elapsed = 00:00:00 . Memory (MB): peak = 1321.418 ; gain = 0.000
INFO: [Timing 38-480] Writing timing data to binary archive.
Writing placer database...
Writing XDEF routing.
Writing XDEF routing logical nets.
Writing XDEF routing special nets.
Write XDEF Complete: Time (s): cpu = 00:00:00 ; elapsed = 00:00:00.065 . Memory (MB): peak = 1321.418 ; gain = 0.000
Netlist sorting complete. Time (s): cpu = 00:00:00 ; elapsed = 00:00:00 . Memory (MB): peak = 1321.418 ; gain = 0.000
INFO: [Common 17-1381] The checkpoint 'C:/Users/Renan/Documents/GitHub/Shared-Scripts/Scripts/VHDL/VHDL PROJECTS/VIVADO/blinking_led_pwm/blinking_led_pwm.runs/impl_3/blinking_led_pwm_opt.dcp' has been generated.
INFO: [runtcl-4] Executing : report_drc -file blinking_led_pwm_drc_opted.rpt -pb blinking_led_pwm_drc_opted.pb -rpx blinking_led_pwm_drc_opted.rpx
Command: report_drc -file blinking_led_pwm_drc_opted.rpt -pb blinking_led_pwm_drc_opted.pb -rpx blinking_led_pwm_drc_opted.rpx
INFO: [IP_Flow 19-234] Refreshing IP repositories
INFO: [IP_Flow 19-1704] No user IP repositories specified
INFO: [IP_Flow 19-2313] Loaded Vivado IP repository 'C:/Xilinx/Vivado/2018.3/data/ip'.
INFO: [DRC 23-27] Running DRC with 2 threads
INFO: [Coretcl 2-168] The results of DRC are in file C:/Users/Renan/Documents/GitHub/Shared-Scripts/Scripts/VHDL/VHDL PROJECTS/VIVADO/blinking_led_pwm/blinking_led_pwm.runs/impl_3/blinking_led_pwm_drc_opted.rpt.
report_drc completed successfully
Command: place_design
Attempting to get a license for feature 'Implementation' and/or device 'xc7z020'
INFO: [Common 17-349] Got license for feature 'Implementation' and/or device 'xc7z020'
INFO: [DRC 23-27] Running DRC with 2 threads
INFO: [Vivado_Tcl 4-198] DRC finished with 0 Errors
INFO: [Vivado_Tcl 4-199] Please refer to the DRC report (report_drc) for more information.
Running DRC as a precondition to command place_design
INFO: [DRC 23-27] Running DRC with 2 threads
INFO: [Vivado_Tcl 4-198] DRC finished with 0 Errors
INFO: [Vivado_Tcl 4-199] Please refer to the DRC report (report_drc) for more information.

Starting Placer Task
INFO: [Place 30-611] Multithreading enabled for place_design using a maximum of 2 CPUs

Phase 1 Placer Initialization

Phase 1.1 Placer Initialization Netlist Sorting
Netlist sorting complete. Time (s): cpu = 00:00:00 ; elapsed = 00:00:00 . Memory (MB): peak = 1321.418 ; gain = 0.000
Phase 1.1 Placer Initialization Netlist Sorting | Checksum: fee06a2b

Time (s): cpu = 00:00:00 ; elapsed = 00:00:00.004 . Memory (MB): peak = 1321.418 ; gain = 0.000
Netlist sorting complete. Time (s): cpu = 00:00:00 ; elapsed = 00:00:00 . Memory (MB): peak = 1321.418 ; gain = 0.000

Phase 1.2 IO Placement/ Clock Placement/ Build Placer Device
INFO: [Timing 38-35] Done setting XDC timing constraints.
Phase 1.2 IO Placement/ Clock Placement/ Build Placer Device | Checksum: 13b0d6b76

Time (s): cpu = 00:00:01 ; elapsed = 00:00:00.504 . Memory (MB): peak = 1335.605 ; gain = 14.188

Phase 1.3 Build Placer Netlist Model
Phase 1.3 Build Placer Netlist Model | Checksum: 1597bdd4e

Time (s): cpu = 00:00:01 ; elapsed = 00:00:00.518 . Memory (MB): peak = 1335.605 ; gain = 14.188

Phase 1.4 Constrain Clocks/Macros
Phase 1.4 Constrain Clocks/Macros | Checksum: 1597bdd4e

Time (s): cpu = 00:00:01 ; elapsed = 00:00:00.521 . Memory (MB): peak = 1335.605 ; gain = 14.188
Phase 1 Placer Initialization | Checksum: 1597bdd4e

Time (s): cpu = 00:00:01 ; elapsed = 00:00:00.522 . Memory (MB): peak = 1335.605 ; gain = 14.188

Phase 2 Global Placement

Phase 2.1 Floorplanning
Phase 2.1 Floorplanning | Checksum: 1597bdd4e

Time (s): cpu = 00:00:01 ; elapsed = 00:00:00.526 . Memory (MB): peak = 1335.605 ; gain = 14.188
WARNING: [Place 46-29] place_design is not in timing mode. Skip physical synthesis in placer
Phase 2 Global Placement | Checksum: 1efed8f27

Time (s): cpu = 00:00:02 ; elapsed = 00:00:00.791 . Memory (MB): peak = 1337.156 ; gain = 15.738

Phase 3 Detail Placement

Phase 3.1 Commit Multi Column Macros
Phase 3.1 Commit Multi Column Macros | Checksum: 1efed8f27

Time (s): cpu = 00:00:02 ; elapsed = 00:00:00.794 . Memory (MB): peak = 1337.156 ; gain = 15.738

Phase 3.2 Commit Most Macros & LUTRAMs
Phase 3.2 Commit Most Macros & LUTRAMs | Checksum: 1fbab6c7b

Time (s): cpu = 00:00:02 ; elapsed = 00:00:00.800 . Memory (MB): peak = 1337.156 ; gain = 15.738

Phase 3.3 Area Swap Optimization
Phase 3.3 Area Swap Optimization | Checksum: 19de8a1d5

Time (s): cpu = 00:00:02 ; elapsed = 00:00:00.809 . Memory (MB): peak = 1337.156 ; gain = 15.738

Phase 3.4 Pipeline Register Optimization
Phase 3.4 Pipeline Register Optimization | Checksum: 19de8a1d5

Time (s): cpu = 00:00:02 ; elapsed = 00:00:00.810 . Memory (MB): peak = 1337.156 ; gain = 15.738

Phase 3.5 Small Shape Detail Placement
Phase 3.5 Small Shape Detail Placement | Checksum: 25dfd3ef1

Time (s): cpu = 00:00:02 ; elapsed = 00:00:00.945 . Memory (MB): peak = 1342.078 ; gain = 20.660

Phase 3.6 Re-assign LUT pins
Phase 3.6 Re-assign LUT pins | Checksum: 25dfd3ef1

Time (s): cpu = 00:00:02 ; elapsed = 00:00:00.948 . Memory (MB): peak = 1342.078 ; gain = 20.660

Phase 3.7 Pipeline Register Optimization
Phase 3.7 Pipeline Register Optimization | Checksum: 25dfd3ef1

Time (s): cpu = 00:00:02 ; elapsed = 00:00:00.949 . Memory (MB): peak = 1342.078 ; gain = 20.660
Phase 3 Detail Placement | Checksum: 25dfd3ef1

Time (s): cpu = 00:00:02 ; elapsed = 00:00:00.949 . Memory (MB): peak = 1342.078 ; gain = 20.660

Phase 4 Post Placement Optimization and Clean-Up

Phase 4.1 Post Commit Optimization
Phase 4.1 Post Commit Optimization | Checksum: 25dfd3ef1

Time (s): cpu = 00:00:02 ; elapsed = 00:00:00.953 . Memory (MB): peak = 1342.078 ; gain = 20.660

Phase 4.2 Post Placement Cleanup
Phase 4.2 Post Placement Cleanup | Checksum: 25dfd3ef1

Time (s): cpu = 00:00:02 ; elapsed = 00:00:00.956 . Memory (MB): peak = 1342.078 ; gain = 20.660

Phase 4.3 Placer Reporting
Phase 4.3 Placer Reporting | Checksum: 25dfd3ef1

Time (s): cpu = 00:00:02 ; elapsed = 00:00:00.957 . Memory (MB): peak = 1342.078 ; gain = 20.660

Phase 4.4 Final Placement Cleanup
Netlist sorting complete. Time (s): cpu = 00:00:00 ; elapsed = 00:00:00 . Memory (MB): peak = 1342.078 ; gain = 0.000
Phase 4.4 Final Placement Cleanup | Checksum: 20785c492

Time (s): cpu = 00:00:02 ; elapsed = 00:00:00.958 . Memory (MB): peak = 1342.078 ; gain = 20.660
Phase 4 Post Placement Optimization and Clean-Up | Checksum: 20785c492

Time (s): cpu = 00:00:02 ; elapsed = 00:00:00.958 . Memory (MB): peak = 1342.078 ; gain = 20.660
Ending Placer Task | Checksum: 1387eac85

Time (s): cpu = 00:00:02 ; elapsed = 00:00:00.964 . Memory (MB): peak = 1342.078 ; gain = 20.660
INFO: [Common 17-83] Releasing license: Implementation
43 Infos, 1 Warnings, 0 Critical Warnings and 0 Errors encountered.
place_design completed successfully
Netlist sorting complete. Time (s): cpu = 00:00:00 ; elapsed = 00:00:00 . Memory (MB): peak = 1342.078 ; gain = 0.000
INFO: [Timing 38-480] Writing timing data to binary archive.
Writing placer database...
Writing XDEF routing.
Writing XDEF routing logical nets.
Writing XDEF routing special nets.
Write XDEF Complete: Time (s): cpu = 00:00:00 ; elapsed = 00:00:00.064 . Memory (MB): peak = 1344.996 ; gain = 2.918
Netlist sorting complete. Time (s): cpu = 00:00:00 ; elapsed = 00:00:00.001 . Memory (MB): peak = 1348.004 ; gain = 0.000
INFO: [Common 17-1381] The checkpoint 'C:/Users/Renan/Documents/GitHub/Shared-Scripts/Scripts/VHDL/VHDL PROJECTS/VIVADO/blinking_led_pwm/blinking_led_pwm.runs/impl_3/blinking_led_pwm_placed.dcp' has been generated.
INFO: [runtcl-4] Executing : report_io -file blinking_led_pwm_io_placed.rpt
report_io: Time (s): cpu = 00:00:00 ; elapsed = 00:00:00.077 . Memory (MB): peak = 1348.242 ; gain = 0.238
INFO: [runtcl-4] Executing : report_utilization -file blinking_led_pwm_utilization_placed.rpt -pb blinking_led_pwm_utilization_placed.pb
INFO: [runtcl-4] Executing : report_control_sets -verbose -file blinking_led_pwm_control_sets_placed.rpt
report_control_sets: Time (s): cpu = 00:00:00 ; elapsed = 00:00:00.007 . Memory (MB): peak = 1348.242 ; gain = 0.000
Command: route_design
Attempting to get a license for feature 'Implementation' and/or device 'xc7z020'
INFO: [Common 17-349] Got license for feature 'Implementation' and/or device 'xc7z020'
Running DRC as a precondition to command route_design
INFO: [DRC 23-27] Running DRC with 2 threads
INFO: [Vivado_Tcl 4-198] DRC finished with 0 Errors
INFO: [Vivado_Tcl 4-199] Please refer to the DRC report (report_drc) for more information.


Starting Routing Task
INFO: [Route 35-254] Multithreading enabled for route_design using a maximum of 2 CPUs
Checksum: PlaceDB: d0b88ed8 ConstDB: 0 ShapeSum: 67c61dad RouteDB: 0

Phase 1 Build RT Design
Phase 1 Build RT Design | Checksum: 130e2b083

Time (s): cpu = 00:00:38 ; elapsed = 00:00:34 . Memory (MB): peak = 1487.707 ; gain = 138.766
Post Restoration Checksum: NetGraph: 3473157b NumContArr: fc6f9b08 Constraints: 0 Timing: 0

Phase 2 Router Initialization
INFO: [Route 35-64] No timing constraints were detected. The router will operate in resource-optimization mode.

Phase 2.1 Fix Topology Constraints
Phase 2.1 Fix Topology Constraints | Checksum: 130e2b083

Time (s): cpu = 00:00:38 ; elapsed = 00:00:34 . Memory (MB): peak = 1493.223 ; gain = 144.281

Phase 2.2 Pre Route Cleanup
Phase 2.2 Pre Route Cleanup | Checksum: 130e2b083

Time (s): cpu = 00:00:38 ; elapsed = 00:00:34 . Memory (MB): peak = 1493.223 ; gain = 144.281
 Number of Nodes with overlaps = 0
Phase 2 Router Initialization | Checksum: d3915cf9

Time (s): cpu = 00:00:38 ; elapsed = 00:00:34 . Memory (MB): peak = 1499.867 ; gain = 150.926

Phase 3 Initial Routing
Phase 3 Initial Routing | Checksum: 11b838898

Time (s): cpu = 00:00:39 ; elapsed = 00:00:35 . Memory (MB): peak = 1501.480 ; gain = 152.539

Phase 4 Rip-up And Reroute

Phase 4.1 Global Iteration 0
 Number of Nodes with overlaps = 1
 Number of Nodes with overlaps = 0
Phase 4.1 Global Iteration 0 | Checksum: a8670cb4

Time (s): cpu = 00:00:39 ; elapsed = 00:00:35 . Memory (MB): peak = 1501.480 ; gain = 152.539
Phase 4 Rip-up And Reroute | Checksum: a8670cb4

Time (s): cpu = 00:00:39 ; elapsed = 00:00:35 . Memory (MB): peak = 1501.480 ; gain = 152.539

Phase 5 Delay and Skew Optimization
Phase 5 Delay and Skew Optimization | Checksum: a8670cb4

Time (s): cpu = 00:00:39 ; elapsed = 00:00:35 . Memory (MB): peak = 1501.480 ; gain = 152.539

Phase 6 Post Hold Fix

Phase 6.1 Hold Fix Iter
Phase 6.1 Hold Fix Iter | Checksum: a8670cb4

Time (s): cpu = 00:00:39 ; elapsed = 00:00:35 . Memory (MB): peak = 1501.480 ; gain = 152.539
Phase 6 Post Hold Fix | Checksum: a8670cb4

Time (s): cpu = 00:00:39 ; elapsed = 00:00:35 . Memory (MB): peak = 1501.480 ; gain = 152.539

Phase 7 Route finalize

Router Utilization Summary
  Global Vertical Routing Utilization    = 0.00341721 %
  Global Horizontal Routing Utilization  = 0.00135227 %
  Routable Net Status*
  *Does not include unroutable nets such as driverless and loadless.
  Run report_route_status for detailed report.
  Number of Failed Nets               = 0
  Number of Unrouted Nets             = 0
  Number of Partially Routed Nets     = 0
  Number of Node Overlaps             = 0

Congestion Report
North Dir 1x1 Area, Max Cong = 5.40541%, No Congested Regions.
South Dir 1x1 Area, Max Cong = 5.40541%, No Congested Regions.
East Dir 1x1 Area, Max Cong = 10.2941%, No Congested Regions.
West Dir 1x1 Area, Max Cong = 0%, No Congested Regions.

------------------------------
Reporting congestion hotspots
------------------------------
Direction: North
----------------
Congested clusters found at Level 0
Effective congestion level: 0 Aspect Ratio: 1 Sparse Ratio: 0
Direction: South
----------------
Congested clusters found at Level 0
Effective congestion level: 0 Aspect Ratio: 1 Sparse Ratio: 0
Direction: East
----------------
Congested clusters found at Level 0
Effective congestion level: 0 Aspect Ratio: 1 Sparse Ratio: 0
Direction: West
----------------
Congested clusters found at Level 0
Effective congestion level: 0 Aspect Ratio: 1 Sparse Ratio: 0

Phase 7 Route finalize | Checksum: a8670cb4

Time (s): cpu = 00:00:39 ; elapsed = 00:00:35 . Memory (MB): peak = 1501.480 ; gain = 152.539

Phase 8 Verifying routed nets

 Verification completed successfully
Phase 8 Verifying routed nets | Checksum: a8670cb4

Time (s): cpu = 00:00:39 ; elapsed = 00:00:35 . Memory (MB): peak = 1503.492 ; gain = 154.551

Phase 9 Depositing Routes
Phase 9 Depositing Routes | Checksum: 354386d2

Time (s): cpu = 00:00:39 ; elapsed = 00:00:35 . Memory (MB): peak = 1503.492 ; gain = 154.551
INFO: [Route 35-16] Router Completed Successfully

Time (s): cpu = 00:00:39 ; elapsed = 00:00:35 . Memory (MB): peak = 1503.492 ; gain = 154.551

Routing Is Done.
INFO: [Common 17-83] Releasing license: Implementation
56 Infos, 1 Warnings, 0 Critical Warnings and 0 Errors encountered.
route_design completed successfully
route_design: Time (s): cpu = 00:00:41 ; elapsed = 00:00:36 . Memory (MB): peak = 1503.492 ; gain = 155.250
Netlist sorting complete. Time (s): cpu = 00:00:00 ; elapsed = 00:00:00 . Memory (MB): peak = 1503.492 ; gain = 0.000
INFO: [Timing 38-480] Writing timing data to binary archive.
Writing placer database...
Writing XDEF routing.
Writing XDEF routing logical nets.
Writing XDEF routing special nets.
Write XDEF Complete: Time (s): cpu = 00:00:00 ; elapsed = 00:00:00.085 . Memory (MB): peak = 1503.492 ; gain = 0.000
Netlist sorting complete. Time (s): cpu = 00:00:00 ; elapsed = 00:00:00 . Memory (MB): peak = 1503.492 ; gain = 0.000
INFO: [Common 17-1381] The checkpoint 'C:/Users/Renan/Documents/GitHub/Shared-Scripts/Scripts/VHDL/VHDL PROJECTS/VIVADO/blinking_led_pwm/blinking_led_pwm.runs/impl_3/blinking_led_pwm_routed.dcp' has been generated.
INFO: [runtcl-4] Executing : report_drc -file blinking_led_pwm_drc_routed.rpt -pb blinking_led_pwm_drc_routed.pb -rpx blinking_led_pwm_drc_routed.rpx
Command: report_drc -file blinking_led_pwm_drc_routed.rpt -pb blinking_led_pwm_drc_routed.pb -rpx blinking_led_pwm_drc_routed.rpx
INFO: [IP_Flow 19-1839] IP Catalog is up to date.
INFO: [DRC 23-27] Running DRC with 2 threads
INFO: [Coretcl 2-168] The results of DRC are in file C:/Users/Renan/Documents/GitHub/Shared-Scripts/Scripts/VHDL/VHDL PROJECTS/VIVADO/blinking_led_pwm/blinking_led_pwm.runs/impl_3/blinking_led_pwm_drc_routed.rpt.
report_drc completed successfully
INFO: [runtcl-4] Executing : report_methodology -file blinking_led_pwm_methodology_drc_routed.rpt -pb blinking_led_pwm_methodology_drc_routed.pb -rpx blinking_led_pwm_methodology_drc_routed.rpx
Command: report_methodology -file blinking_led_pwm_methodology_drc_routed.rpt -pb blinking_led_pwm_methodology_drc_routed.pb -rpx blinking_led_pwm_methodology_drc_routed.rpx
INFO: [Timing 38-35] Done setting XDC timing constraints.
INFO: [DRC 23-133] Running Methodology with 2 threads
INFO: [Coretcl 2-1520] The results of Report Methodology are in file C:/Users/Renan/Documents/GitHub/Shared-Scripts/Scripts/VHDL/VHDL PROJECTS/VIVADO/blinking_led_pwm/blinking_led_pwm.runs/impl_3/blinking_led_pwm_methodology_drc_routed.rpt.
report_methodology completed successfully
INFO: [runtcl-4] Executing : report_power -file blinking_led_pwm_power_routed.rpt -pb blinking_led_pwm_power_summary_routed.pb -rpx blinking_led_pwm_power_routed.rpx
Command: report_power -file blinking_led_pwm_power_routed.rpt -pb blinking_led_pwm_power_summary_routed.pb -rpx blinking_led_pwm_power_routed.rpx
WARNING: [Power 33-232] No user defined clocks were found in the design!
Resolution: Please specify clocks using create_clock/create_generated_clock for sequential elements. For pure combinatorial circuits, please specify a virtual clock, otherwise the vectorless estimation might be inaccurate
INFO: [Timing 38-35] Done setting XDC timing constraints.
Running Vector-less Activity Propagation...

Finished Running Vector-less Activity Propagation
68 Infos, 2 Warnings, 0 Critical Warnings and 0 Errors encountered.
report_power completed successfully
INFO: [runtcl-4] Executing : report_route_status -file blinking_led_pwm_route_status.rpt -pb blinking_led_pwm_route_status.pb
INFO: [runtcl-4] Executing : report_timing_summary -max_paths 10 -file blinking_led_pwm_timing_summary_routed.rpt -pb blinking_led_pwm_timing_summary_routed.pb -rpx blinking_led_pwm_timing_summary_routed.rpx -warn_on_violation 
INFO: [Timing 38-91] UpdateTimingParams: Speed grade: -1, Delay Type: min_max.
INFO: [Timing 38-191] Multithreading enabled for timing update using a maximum of 2 CPUs
WARNING: [Timing 38-313] There are no user specified timing constraints. Timing constraints are needed for proper timing analysis.
INFO: [runtcl-4] Executing : report_incremental_reuse -file blinking_led_pwm_incremental_reuse_routed.rpt
INFO: [Vivado_Tcl 4-1062] Incremental flow is disabled. No incremental reuse Info to report.
INFO: [runtcl-4] Executing : report_clock_utilization -file blinking_led_pwm_clock_utilization_routed.rpt
INFO: [runtcl-4] Executing : report_bus_skew -warn_on_violation -file blinking_led_pwm_bus_skew_routed.rpt -pb blinking_led_pwm_bus_skew_routed.pb -rpx blinking_led_pwm_bus_skew_routed.rpx
INFO: [Timing 38-91] UpdateTimingParams: Speed grade: -1, Delay Type: min_max.
INFO: [Timing 38-191] Multithreading enabled for timing update using a maximum of 2 CPUs
Command: write_bitstream -force blinking_led_pwm.bit
Attempting to get a license for feature 'Implementation' and/or device 'xc7z020'
INFO: [Common 17-349] Got license for feature 'Implementation' and/or device 'xc7z020'
Running DRC as a precondition to command write_bitstream
INFO: [IP_Flow 19-1839] IP Catalog is up to date.
INFO: [DRC 23-27] Running DRC with 2 threads
WARNING: [DRC ZPS7-1] PS7 block required: The PS7 cell must be used in this Zynq design in order to enable correct default configuration.
INFO: [Vivado 12-3199] DRC finished with 0 Errors, 1 Warnings
INFO: [Vivado 12-3200] Please refer to the DRC report (report_drc) for more information.
INFO: [Designutils 20-2272] Running write_bitstream with 2 threads.
Loading data files...
Loading site data...
Loading route data...
Processing options...
Creating bitmap...
Creating bitstream...
Writing bitstream ./blinking_led_pwm.bit...
INFO: [Vivado 12-1842] Bitgen Completed Successfully.
INFO: [Project 1-120] WebTalk data collection is mandatory when using a WebPACK part without a full Vivado license. To see the specific WebTalk data collected for your design, open the usage_statistics_webtalk.html or usage_statistics_webtalk.xml file in the implementation directory.
Acesso negado.
Acesso negado.
INFO: [Common 17-83] Releasing license: Implementation
87 Infos, 4 Warnings, 0 Critical Warnings and 0 Errors encountered.
write_bitstream completed successfully
write_bitstream: Time (s): cpu = 00:00:18 ; elapsed = 00:00:17 . Memory (MB): peak = 1970.141 ; gain = 422.711
INFO: [Common 17-206] Exiting Vivado at Sat May 23 02:27:24 2020...
