Vivado Simulator 2018.3
Time resolution is 1 ps
Note: Hello World
Time: 0 ps  Iteration: 0  Process: /tensao_senoidal/line__53  File: C:/Users/Renan/Documents/GitHub/Shared-Scripts/Scripts/VHDL PROJECTS/VIVADO/simulação_tensão_senoidal/tensao_senoidal.srcs/sources_1/new/tensao_senoidal.vhd
Note: Hello World
Time: 0 ps  Iteration: 1  Process: /tensao_senoidal/line__53  File: C:/Users/Renan/Documents/GitHub/Shared-Scripts/Scripts/VHDL PROJECTS/VIVADO/simulação_tensão_senoidal/tensao_senoidal.srcs/sources_1/new/tensao_senoidal.vhd
Note: Hello World
Time: 0 ps  Iteration: 0  Process: /tensao_senoidal/line__53  File: C:/Users/Renan/Documents/GitHub/Shared-Scripts/Scripts/VHDL PROJECTS/VIVADO/simulação_tensão_senoidal/tensao_senoidal.srcs/sources_1/new/tensao_senoidal.vhd
Note: Hello World
Time: 50 ns  Iteration: 0  Process: /tensao_senoidal/line__53  File: C:/Users/Renan/Documents/GitHub/Shared-Scripts/Scripts/VHDL PROJECTS/VIVADO/simulação_tensão_senoidal/tensao_senoidal.srcs/sources_1/new/tensao_senoidal.vhd
Note: Hello World
Time: 100 ns  Iteration: 0  Process: /tensao_senoidal/line__53  File: C:/Users/Renan/Documents/GitHub/Shared-Scripts/Scripts/VHDL PROJECTS/VIVADO/simulação_tensão_senoidal/tensao_senoidal.srcs/sources_1/new/tensao_senoidal.vhd
Note: Hello World
Time: 150 ns  Iteration: 0  Process: /tensao_senoidal/line__53  File: C:/Users/Renan/Documents/GitHub/Shared-Scripts/Scripts/VHDL PROJECTS/VIVADO/simulação_tensão_senoidal/tensao_senoidal.srcs/sources_1/new/tensao_senoidal.vhd
Note: Hello World
Time: 200 ns  Iteration: 0  Process: /tensao_senoidal/line__53  File: C:/Users/Renan/Documents/GitHub/Shared-Scripts/Scripts/VHDL PROJECTS/VIVADO/simulação_tensão_senoidal/tensao_senoidal.srcs/sources_1/new/tensao_senoidal.vhd
Note: Hello World
Time: 250 ns  Iteration: 0  Process: /tensao_senoidal/line__53  File: C:/Users/Renan/Documents/GitHub/Shared-Scripts/Scripts/VHDL PROJECTS/VIVADO/simulação_tensão_senoidal/tensao_senoidal.srcs/sources_1/new/tensao_senoidal.vhd
Note: Hello World
Time: 300 ns  Iteration: 0  Process: /tensao_senoidal/line__53  File: C:/Users/Renan/Documents/GitHub/Shared-Scripts/Scripts/VHDL PROJECTS/VIVADO/simulação_tensão_senoidal/tensao_senoidal.srcs/sources_1/new/tensao_senoidal.vhd
Note: Hello World
Time: 350 ns  Iteration: 0  Process: /tensao_senoidal/line__53  File: C:/Users/Renan/Documents/GitHub/Shared-Scripts/Scripts/VHDL PROJECTS/VIVADO/simulação_tensão_senoidal/tensao_senoidal.srcs/sources_1/new/tensao_senoidal.vhd
Note: Hello World
Time: 400 ns  Iteration: 0  Process: /tensao_senoidal/line__53  File: C:/Users/Renan/Documents/GitHub/Shared-Scripts/Scripts/VHDL PROJECTS/VIVADO/simulação_tensão_senoidal/tensao_senoidal.srcs/sources_1/new/tensao_senoidal.vhd
Note: Hello World
Time: 450 ns  Iteration: 0  Process: /tensao_senoidal/line__53  File: C:/Users/Renan/Documents/GitHub/Shared-Scripts/Scripts/VHDL PROJECTS/VIVADO/simulação_tensão_senoidal/tensao_senoidal.srcs/sources_1/new/tensao_senoidal.vhd
Note: Hello World
Time: 500 ns  Iteration: 0  Process: /tensao_senoidal/line__53  File: C:/Users/Renan/Documents/GitHub/Shared-Scripts/Scripts/VHDL PROJECTS/VIVADO/simulação_tensão_senoidal/tensao_senoidal.srcs/sources_1/new/tensao_senoidal.vhd
Note: Hello World
Time: 550 ns  Iteration: 0  Process: /tensao_senoidal/line__53  File: C:/Users/Renan/Documents/GitHub/Shared-Scripts/Scripts/VHDL PROJECTS/VIVADO/simulação_tensão_senoidal/tensao_senoidal.srcs/sources_1/new/tensao_senoidal.vhd
Note: Hello World
Time: 600 ns  Iteration: 0  Process: /tensao_senoidal/line__53  File: C:/Users/Renan/Documents/GitHub/Shared-Scripts/Scripts/VHDL PROJECTS/VIVADO/simulação_tensão_senoidal/tensao_senoidal.srcs/sources_1/new/tensao_senoidal.vhd
Note: Hello World
Time: 650 ns  Iteration: 0  Process: /tensao_senoidal/line__53  File: C:/Users/Renan/Documents/GitHub/Shared-Scripts/Scripts/VHDL PROJECTS/VIVADO/simulação_tensão_senoidal/tensao_senoidal.srcs/sources_1/new/tensao_senoidal.vhd
Note: Hello World
Time: 700 ns  Iteration: 0  Process: /tensao_senoidal/line__53  File: C:/Users/Renan/Documents/GitHub/Shared-Scripts/Scripts/VHDL PROJECTS/VIVADO/simulação_tensão_senoidal/tensao_senoidal.srcs/sources_1/new/tensao_senoidal.vhd
Note: Hello World
Time: 750 ns  Iteration: 0  Process: /tensao_senoidal/line__53  File: C:/Users/Renan/Documents/GitHub/Shared-Scripts/Scripts/VHDL PROJECTS/VIVADO/simulação_tensão_senoidal/tensao_senoidal.srcs/sources_1/new/tensao_senoidal.vhd
Note: Hello World
Time: 800 ns  Iteration: 0  Process: /tensao_senoidal/line__53  File: C:/Users/Renan/Documents/GitHub/Shared-Scripts/Scripts/VHDL PROJECTS/VIVADO/simulação_tensão_senoidal/tensao_senoidal.srcs/sources_1/new/tensao_senoidal.vhd
Note: Hello World
Time: 850 ns  Iteration: 0  Process: /tensao_senoidal/line__53  File: C:/Users/Renan/Documents/GitHub/Shared-Scripts/Scripts/VHDL PROJECTS/VIVADO/simulação_tensão_senoidal/tensao_senoidal.srcs/sources_1/new/tensao_senoidal.vhd
Note: Hello World
Time: 900 ns  Iteration: 0  Process: /tensao_senoidal/line__53  File: C:/Users/Renan/Documents/GitHub/Shared-Scripts/Scripts/VHDL PROJECTS/VIVADO/simulação_tensão_senoidal/tensao_senoidal.srcs/sources_1/new/tensao_senoidal.vhd
Note: Hello World
Time: 950 ns  Iteration: 0  Process: /tensao_senoidal/line__53  File: C:/Users/Renan/Documents/GitHub/Shared-Scripts/Scripts/VHDL PROJECTS/VIVADO/simulação_tensão_senoidal/tensao_senoidal.srcs/sources_1/new/tensao_senoidal.vhd
Note: Hello World
Time: 1 us  Iteration: 0  Process: /tensao_senoidal/line__53  File: C:/Users/Renan/Documents/GitHub/Shared-Scripts/Scripts/VHDL PROJECTS/VIVADO/simulação_tensão_senoidal/tensao_senoidal.srcs/sources_1/new/tensao_senoidal.vhd
